
**** Build of configuration Debug for project i2c_example ****

"C:\\ti\\ccs901\\ccs\\utils\\bin\\gmake" -k -j 4 all -O 
 
Building file: "../main.c"
Invoking: MSP430 Compiler
"C:/ti/ccs901/ccs/tools/compiler/ti-cgt-msp430_18.12.4.LTS/bin/cl430" -vmsp -Ooff --use_hw_mpy=none --include_path="C:/ti/ccs901/ccs/ccs_base/msp430/include" --include_path="C:/Users/Matt/CMPE295_workspace/i2c_example" --include_path="C:/ti/ccs901/ccs/tools/compiler/ti-cgt-msp430_18.12.4.LTS/include" --advice:power=all --define=__MSP430G2533__ -g --printf_support=minimal --diag_warning=225 --diag_wrap=off --display_error_number --preproc_with_compile --preproc_dependency="main.d_raw"  "../main.c"
"../main.c", line 172: warning #169-D: argument of type "volatile uint8_t *" is incompatible with parameter of type "uint8_t *"
"../main.c", line 218: remark #1544-D: (ULP 13.1) Detected loop counting up. Recommend loops count down as detecting zeros is easier
"../main.c", line 232: remark #1527-D: (ULP 2.1) Detected SW delay loop using empty loop. Recommend using a timer module instead
"../main.c", line 489: warning #112-D: statement is unreachable
"../main.c", line 319: remark #1527-D: (ULP 2.1) Detected SW delay loop using __delay_cycles. Recommend using a timer module instead
"../main.c", line 321: remark #1527-D: (ULP 2.1) Detected SW delay loop using __delay_cycles. Recommend using a timer module instead
"../main.c", line 323: remark #1527-D: (ULP 2.1) Detected SW delay loop using __delay_cycles. Recommend using a timer module instead
"../main.c", line 325: remark #1527-D: (ULP 2.1) Detected SW delay loop using __delay_cycles. Recommend using a timer module instead
"../main.c", line 327: remark #1527-D: (ULP 2.1) Detected SW delay loop using __delay_cycles. Recommend using a timer module instead
"../main.c", line 329: remark #1527-D: (ULP 2.1) Detected SW delay loop using __delay_cycles. Recommend using a timer module instead
"../main.c", line 341: remark #1527-D: (ULP 2.1) Detected SW delay loop using __delay_cycles. Recommend using a timer module instead
"../main.c", line 345: remark #1527-D: (ULP 2.1) Detected SW delay loop using __delay_cycles. Recommend using a timer module instead
"../main.c", line 485: remark #1527-D: (ULP 2.1) Detected SW delay loop using __delay_cycles. Recommend using a timer module instead
"../main.c", line 512: remark #2553-D: (ULP 14.1) Array index (involving "ReceiveIndex") of type "int". Recommend using "unsigned int"
"../main.c", line 548: remark #1527-D: (ULP 2.1) Detected SW delay loop using empty loop. Recommend using a timer module instead
"../main.c", line 557: remark #2553-D: (ULP 14.1) Array index (involving "TransmitIndex") of type "int". Recommend using "unsigned int"
"../main.c", line 512: remark #2553-D: (ULP 14.1) Array index (involving "ReceiveIndex") of type "int". Recommend using "unsigned int"
Finished building: "../main.c"
 
Building target: "i2c_example.out"
Invoking: MSP430 Linker
"C:/ti/ccs901/ccs/tools/compiler/ti-cgt-msp430_18.12.4.LTS/bin/cl430" -vmsp -Ooff --use_hw_mpy=none --advice:power=all --define=__MSP430G2533__ -g --printf_support=minimal --diag_warning=225 --diag_wrap=off --display_error_number -z -m"i2c_example.map" --heap_size=80 --stack_size=80 -i"C:/ti/ccs901/ccs/ccs_base/msp430/include" -i"C:/ti/ccs901/ccs/tools/compiler/ti-cgt-msp430_18.12.4.LTS/lib" -i"C:/ti/ccs901/ccs/tools/compiler/ti-cgt-msp430_18.12.4.LTS/include" --reread_libs --diag_wrap=off --display_error_number --warn_sections --xml_link_info="i2c_example_linkInfo.xml" --use_hw_mpy=none --rom_model -o "i2c_example.out" "./main.obj" "../lnk_msp430g2533.cmd"  -llibc.a 
<Linking>
remark #10372-D: (ULP 4.1) Detected uninitialized Port 2 in this project. Recommend initializing all unused ports to eliminate wasted current consumption on unused pins.
remark #10372-D: (ULP 4.1) Detected uninitialized Port 3 in this project. Recommend initializing all unused ports to eliminate wasted current consumption on unused pins.
Finished building target: "i2c_example.out"
 

**** Build Finished ****
